<?xml version="1.0" encoding="UTF-8"?>
<coverage generated="1764270743953" clover="3.2.0">
  <project timestamp="1764270743954" name="All files">
    <metrics statements="92" coveredstatements="65" conditionals="29" coveredconditionals="12" methods="44" coveredmethods="23" elements="165" coveredelements="100" complexity="0" loc="92" ncloc="92" packages="1" files="7" classes="7"/>
    <file name="AlunoGraduacao.ts" path="C:\Users\gusta\OneDrive\Área de Trabalho\biblioteca_afya_project\src\models\AlunoGraduacao.ts">
      <metrics statements="5" coveredstatements="4" conditionals="0" coveredconditionals="0" methods="3" coveredmethods="2"/>
      <line num="1" count="1" type="stmt"/>
      <line num="3" count="1" type="stmt"/>
      <line num="5" count="5" type="stmt"/>
      <line num="9" count="14" type="stmt"/>
      <line num="13" count="0" type="stmt"/>
    </file>
    <file name="Biblioteca.ts" path="C:\Users\gusta\OneDrive\Área de Trabalho\biblioteca_afya_project\src\models\Biblioteca.ts">
      <metrics statements="39" coveredstatements="27" conditionals="15" coveredconditionals="8" methods="21" coveredmethods="11"/>
      <line num="6" count="1" type="stmt"/>
      <line num="8" count="1" type="stmt"/>
      <line num="9" count="5" type="stmt"/>
      <line num="10" count="5" type="stmt"/>
      <line num="11" count="5" type="stmt"/>
      <line num="16" count="79" type="cond" truecount="0" falsecount="1"/>
      <line num="17" count="23" type="stmt"/>
      <line num="21" count="18" type="cond" truecount="0" falsecount="1"/>
      <line num="22" count="16" type="stmt"/>
      <line num="26" count="0" type="stmt"/>
      <line num="30" count="64" type="cond" truecount="2" falsecount="0"/>
      <line num="34" count="50" type="stmt"/>
      <line num="35" count="91" type="stmt"/>
      <line num="36" count="19" type="cond" truecount="0" falsecount="1"/>
      <line num="37" count="19" type="cond" truecount="0" falsecount="1"/>
      <line num="40" count="54" type="stmt"/>
      <line num="42" count="19" type="stmt"/>
      <line num="43" count="19" type="cond" truecount="1" falsecount="0"/>
      <line num="45" count="18" type="cond" truecount="1" falsecount="0"/>
      <line num="48" count="17" type="stmt"/>
      <line num="50" count="17" type="cond" truecount="4" falsecount="0"/>
      <line num="52" count="17" type="stmt"/>
      <line num="53" count="17" type="stmt"/>
      <line num="54" count="17" type="stmt"/>
      <line num="57" count="17" type="stmt"/>
      <line num="59" count="17" type="stmt"/>
      <line num="60" count="17" type="stmt"/>
      <line num="61" count="17" type="stmt"/>
      <line num="65" count="0" type="stmt"/>
      <line num="66" count="0" type="cond" truecount="0" falsecount="1"/>
      <line num="67" count="0" type="cond" truecount="0" falsecount="1"/>
      <line num="69" count="0" type="stmt"/>
      <line num="70" count="0" type="stmt"/>
      <line num="71" count="0" type="cond" truecount="0" falsecount="1"/>
      <line num="76" count="0" type="stmt"/>
      <line num="77" count="0" type="stmt"/>
      <line num="78" count="0" type="stmt"/>
      <line num="79" count="0" type="stmt"/>
      <line num="80" count="0" type="stmt"/>
    </file>
    <file name="Bibliotecario.ts" path="C:\Users\gusta\OneDrive\Área de Trabalho\biblioteca_afya_project\src\models\Bibliotecario.ts">
      <metrics statements="5" coveredstatements="3" conditionals="0" coveredconditionals="0" methods="3" coveredmethods="1"/>
      <line num="1" count="1" type="stmt"/>
      <line num="3" count="1" type="stmt"/>
      <line num="5" count="5" type="stmt"/>
      <line num="10" count="0" type="stmt"/>
      <line num="14" count="0" type="stmt"/>
    </file>
    <file name="Emprestimo.ts" path="C:\Users\gusta\OneDrive\Área de Trabalho\biblioteca_afya_project\src\models\Emprestimo.ts">
      <metrics statements="18" coveredstatements="11" conditionals="7" coveredconditionals="2" methods="5" coveredmethods="2"/>
      <line num="3" count="1" type="stmt"/>
      <line num="9" count="17" type="stmt"/>
      <line num="19" count="17" type="stmt"/>
      <line num="20" count="17" type="stmt"/>
      <line num="21" count="17" type="stmt"/>
      <line num="22" count="17" type="stmt"/>
      <line num="23" count="17" type="stmt"/>
      <line num="24" count="17" type="stmt"/>
      <line num="28" count="0" type="stmt"/>
      <line num="29" count="0" type="stmt"/>
      <line num="33" count="55" type="cond" truecount="0" falsecount="1"/>
      <line num="34" count="55" type="stmt"/>
      <line num="35" count="55" type="cond" truecount="1" falsecount="0"/>
      <line num="39" count="0" type="stmt"/>
      <line num="51" count="0" type="stmt"/>
      <line num="52" count="0" type="cond" truecount="0" falsecount="2"/>
      <line num="53" count="0" type="cond" truecount="0" falsecount="2"/>
      <line num="54" count="0" type="stmt"/>
    </file>
    <file name="Livro.ts" path="C:\Users\gusta\OneDrive\Área de Trabalho\biblioteca_afya_project\src\models\Livro.ts">
      <metrics statements="13" coveredstatements="10" conditionals="5" coveredconditionals="1" methods="6" coveredmethods="3"/>
      <line num="1" count="1" type="stmt"/>
      <line num="10" count="23" type="stmt"/>
      <line num="11" count="23" type="stmt"/>
      <line num="12" count="23" type="stmt"/>
      <line num="13" count="23" type="stmt"/>
      <line num="14" count="23" type="stmt"/>
      <line num="15" count="23" type="cond" truecount="1" falsecount="1"/>
      <line num="19" count="18" type="stmt"/>
      <line num="23" count="17" type="cond" truecount="0" falsecount="1"/>
      <line num="24" count="17" type="stmt"/>
      <line num="28" count="0" type="stmt"/>
      <line num="32" count="0" type="stmt"/>
      <line num="43" count="0" type="cond" truecount="0" falsecount="2"/>
    </file>
    <file name="Professor.ts" path="C:\Users\gusta\OneDrive\Área de Trabalho\biblioteca_afya_project\src\models\Professor.ts">
      <metrics statements="5" coveredstatements="4" conditionals="0" coveredconditionals="0" methods="3" coveredmethods="2"/>
      <line num="1" count="1" type="stmt"/>
      <line num="3" count="1" type="stmt"/>
      <line num="5" count="6" type="stmt"/>
      <line num="9" count="22" type="stmt"/>
      <line num="13" count="0" type="stmt"/>
    </file>
    <file name="Usuario.ts" path="C:\Users\gusta\OneDrive\Área de Trabalho\biblioteca_afya_project\src\models\Usuario.ts">
      <metrics statements="7" coveredstatements="6" conditionals="2" coveredconditionals="1" methods="3" coveredmethods="2"/>
      <line num="1" count="1" type="stmt"/>
      <line num="7" count="16" type="stmt"/>
      <line num="8" count="16" type="stmt"/>
      <line num="9" count="16" type="stmt"/>
      <line num="17" count="19" type="stmt"/>
      <line num="18" count="19" type="cond" truecount="1" falsecount="1"/>
      <line num="22" count="0" type="stmt"/>
    </file>
  </project>
</coverage>
