{"C:\\Users\\gusta\\OneDrive\\Área de Trabalho\\biblioteca_afya_project\\src\\models\\AlunoGraduacao.ts": {"path":"C:\\Users\\gusta\\OneDrive\\Área de Trabalho\\biblioteca_afya_project\\src\\models\\AlunoGraduacao.ts","statementMap":{"0":{"start":{"line":1,"column":0},"end":{"line":1,"column":36}},"1":{"start":{"line":5,"column":4},"end":{"line":5,"column":33}},"2":{"start":{"line":9,"column":4},"end":{"line":9,"column":35}},"3":{"start":{"line":13,"column":4},"end":{"line":13,"column":48}},"4":{"start":{"line":3,"column":0},"end":{"line":3,"column":13}}},"fnMap":{"0":{"name":"(anonymous_0)","decl":{"start":{"line":4,"column":2},"end":{"line":4,"column":14}},"loc":{"start":{"line":4,"column":38},"end":{"line":6,"column":3}}},"1":{"name":"(anonymous_1)","decl":{"start":{"line":8,"column":2},"end":{"line":8,"column":8}},"loc":{"start":{"line":8,"column":8},"end":{"line":10,"column":3}}},"2":{"name":"(anonymous_2)","decl":{"start":{"line":12,"column":2},"end":{"line":12,"column":8}},"loc":{"start":{"line":12,"column":26},"end":{"line":14,"column":3}}}},"branchMap":{},"s":{"0":1,"1":5,"2":14,"3":0,"4":1},"f":{"0":5,"1":14,"2":0},"b":{}}
,"C:\\Users\\gusta\\OneDrive\\Área de Trabalho\\biblioteca_afya_project\\src\\models\\Biblioteca.ts": {"path":"C:\\Users\\gusta\\OneDrive\\Área de Trabalho\\biblioteca_afya_project\\src\\models\\Biblioteca.ts","statementMap":{"0":{"start":{"line":6,"column":0},"end":{"line":6,"column":42}},"1":{"start":{"line":9,"column":2},"end":{"line":9,"column":23}},"2":{"start":{"line":10,"column":2},"end":{"line":10,"column":27}},"3":{"start":{"line":11,"column":2},"end":{"line":11,"column":33}},"4":{"start":{"line":16,"column":4},"end":{"line":16,"column":87}},"5":{"start":{"line":16,"column":30},"end":{"line":16,"column":43}},"6":{"start":{"line":16,"column":46},"end":{"line":16,"column":87}},"7":{"start":{"line":17,"column":4},"end":{"line":17,"column":24}},"8":{"start":{"line":21,"column":4},"end":{"line":21,"column":91}},"9":{"start":{"line":21,"column":32},"end":{"line":21,"column":45}},"10":{"start":{"line":21,"column":48},"end":{"line":21,"column":91}},"11":{"start":{"line":22,"column":4},"end":{"line":22,"column":26}},"12":{"start":{"line":26,"column":4},"end":{"line":26,"column":35}},"13":{"start":{"line":26,"column":32},"end":{"line":26,"column":33}},"14":{"start":{"line":30,"column":4},"end":{"line":30,"column":98}},"15":{"start":{"line":30,"column":40},"end":{"line":30,"column":89}},"16":{"start":{"line":34,"column":20},"end":{"line":34,"column":63}},"17":{"start":{"line":34,"column":44},"end":{"line":34,"column":62}},"18":{"start":{"line":35,"column":18},"end":{"line":35,"column":57}},"19":{"start":{"line":35,"column":40},"end":{"line":35,"column":56}},"20":{"start":{"line":36,"column":4},"end":{"line":36,"column":54}},"21":{"start":{"line":36,"column":18},"end":{"line":36,"column":54}},"22":{"start":{"line":37,"column":4},"end":{"line":37,"column":50}},"23":{"start":{"line":37,"column":16},"end":{"line":37,"column":50}},"24":{"start":{"line":40,"column":4},"end":{"line":40,"column":55}},"25":{"start":{"line":40,"column":34},"end":{"line":40,"column":53}},"26":{"start":{"line":42,"column":19},"end":{"line":42,"column":61}},"27":{"start":{"line":43,"column":4},"end":{"line":43,"column":96}},"28":{"start":{"line":43,"column":40},"end":{"line":43,"column":96}},"29":{"start":{"line":45,"column":4},"end":{"line":45,"column":69}},"30":{"start":{"line":45,"column":31},"end":{"line":45,"column":69}},"31":{"start":{"line":48,"column":18},"end":{"line":48,"column":34}},"32":{"start":{"line":50,"column":17},"end":{"line":50,"column":114}},"33":{"start":{"line":52,"column":16},"end":{"line":52,"column":26}},"34":{"start":{"line":53,"column":21},"end":{"line":53,"column":34}},"35":{"start":{"line":54,"column":4},"end":{"line":54,"column":48}},"36":{"start":{"line":57,"column":4},"end":{"line":57,"column":22}},"37":{"start":{"line":59,"column":23},"end":{"line":59,"column":93}},"38":{"start":{"line":60,"column":4},"end":{"line":60,"column":38}},"39":{"start":{"line":61,"column":4},"end":{"line":61,"column":22}},"40":{"start":{"line":65,"column":23},"end":{"line":65,"column":72}},"41":{"start":{"line":65,"column":50},"end":{"line":65,"column":71}},"42":{"start":{"line":66,"column":4},"end":{"line":66,"column":66}},"43":{"start":{"line":66,"column":21},"end":{"line":66,"column":66}},"44":{"start":{"line":67,"column":4},"end":{"line":67,"column":86}},"45":{"start":{"line":67,"column":43},"end":{"line":67,"column":86}},"46":{"start":{"line":69,"column":4},"end":{"line":69,"column":33}},"47":{"start":{"line":70,"column":18},"end":{"line":70,"column":68}},"48":{"start":{"line":70,"column":40},"end":{"line":70,"column":67}},"49":{"start":{"line":71,"column":4},"end":{"line":71,"column":32}},"50":{"start":{"line":71,"column":15},"end":{"line":71,"column":32}},"51":{"start":{"line":76,"column":4},"end":{"line":76,"column":55}},"52":{"start":{"line":76,"column":34},"end":{"line":76,"column":53}},"53":{"start":{"line":77,"column":19},"end":{"line":77,"column":76}},"54":{"start":{"line":77,"column":48},"end":{"line":77,"column":68}},"55":{"start":{"line":78,"column":23},"end":{"line":78,"column":84}},"56":{"start":{"line":78,"column":52},"end":{"line":78,"column":76}},"57":{"start":{"line":79,"column":22},"end":{"line":79,"column":82}},"58":{"start":{"line":79,"column":51},"end":{"line":79,"column":74}},"59":{"start":{"line":80,"column":4},"end":{"line":80,"column":45}},"60":{"start":{"line":8,"column":0},"end":{"line":8,"column":13}}},"fnMap":{"0":{"name":"(anonymous_0)","decl":{"start":{"line":13,"column":2},"end":{"line":13,"column":17}},"loc":{"start":{"line":13,"column":2},"end":{"line":13,"column":18}}},"1":{"name":"(anonymous_1)","decl":{"start":{"line":15,"column":2},"end":{"line":15,"column":16}},"loc":{"start":{"line":15,"column":25},"end":{"line":18,"column":3}}},"2":{"name":"(anonymous_2)","decl":{"start":{"line":16,"column":25},"end":{"line":16,"column":26}},"loc":{"start":{"line":16,"column":30},"end":{"line":16,"column":43}}},"3":{"name":"(anonymous_3)","decl":{"start":{"line":20,"column":2},"end":{"line":20,"column":18}},"loc":{"start":{"line":20,"column":29},"end":{"line":23,"column":3}}},"4":{"name":"(anonymous_4)","decl":{"start":{"line":21,"column":27},"end":{"line":21,"column":28}},"loc":{"start":{"line":21,"column":32},"end":{"line":21,"column":45}}},"5":{"name":"(anonymous_5)","decl":{"start":{"line":25,"column":2},"end":{"line":25,"column":18}},"loc":{"start":{"line":25,"column":18},"end":{"line":27,"column":3}}},"6":{"name":"(anonymous_6)","decl":{"start":{"line":26,"column":27},"end":{"line":26,"column":28}},"loc":{"start":{"line":26,"column":32},"end":{"line":26,"column":33}}},"7":{"name":"(anonymous_7)","decl":{"start":{"line":29,"column":2},"end":{"line":29,"column":28}},"loc":{"start":{"line":29,"column":46},"end":{"line":31,"column":3}}},"8":{"name":"(anonymous_8)","decl":{"start":{"line":30,"column":35},"end":{"line":30,"column":36}},"loc":{"start":{"line":30,"column":40},"end":{"line":30,"column":89}}},"9":{"name":"(anonymous_9)","decl":{"start":{"line":33,"column":2},"end":{"line":33,"column":21}},"loc":{"start":{"line":33,"column":78},"end":{"line":62,"column":3}}},"10":{"name":"(anonymous_10)","decl":{"start":{"line":34,"column":39},"end":{"line":34,"column":40}},"loc":{"start":{"line":34,"column":44},"end":{"line":34,"column":62}}},"11":{"name":"(anonymous_11)","decl":{"start":{"line":35,"column":35},"end":{"line":35,"column":36}},"loc":{"start":{"line":35,"column":40},"end":{"line":35,"column":56}}},"12":{"name":"(anonymous_12)","decl":{"start":{"line":40,"column":29},"end":{"line":40,"column":30}},"loc":{"start":{"line":40,"column":34},"end":{"line":40,"column":53}}},"13":{"name":"(anonymous_13)","decl":{"start":{"line":64,"column":2},"end":{"line":64,"column":15}},"loc":{"start":{"line":64,"column":36},"end":{"line":72,"column":3}}},"14":{"name":"(anonymous_14)","decl":{"start":{"line":65,"column":45},"end":{"line":65,"column":46}},"loc":{"start":{"line":65,"column":50},"end":{"line":65,"column":71}}},"15":{"name":"(anonymous_15)","decl":{"start":{"line":70,"column":35},"end":{"line":70,"column":36}},"loc":{"start":{"line":70,"column":40},"end":{"line":70,"column":67}}},"16":{"name":"(anonymous_16)","decl":{"start":{"line":74,"column":2},"end":{"line":74,"column":19}},"loc":{"start":{"line":74,"column":19},"end":{"line":81,"column":3}}},"17":{"name":"(anonymous_17)","decl":{"start":{"line":76,"column":29},"end":{"line":76,"column":30}},"loc":{"start":{"line":76,"column":34},"end":{"line":76,"column":53}}},"18":{"name":"(anonymous_18)","decl":{"start":{"line":77,"column":43},"end":{"line":77,"column":44}},"loc":{"start":{"line":77,"column":48},"end":{"line":77,"column":68}}},"19":{"name":"(anonymous_19)","decl":{"start":{"line":78,"column":47},"end":{"line":78,"column":48}},"loc":{"start":{"line":78,"column":52},"end":{"line":78,"column":76}}},"20":{"name":"(anonymous_20)","decl":{"start":{"line":79,"column":46},"end":{"line":79,"column":47}},"loc":{"start":{"line":79,"column":51},"end":{"line":79,"column":74}}}},"branchMap":{"0":{"loc":{"start":{"line":16,"column":4},"end":{"line":16,"column":87}},"type":"if","locations":[{"start":{"line":16,"column":4},"end":{"line":16,"column":87}}]},"1":{"loc":{"start":{"line":21,"column":4},"end":{"line":21,"column":91}},"type":"if","locations":[{"start":{"line":21,"column":4},"end":{"line":21,"column":91}}]},"2":{"loc":{"start":{"line":30,"column":40},"end":{"line":30,"column":89}},"type":"binary-expr","locations":[{"start":{"line":30,"column":40},"end":{"line":30,"column":65}},{"start":{"line":30,"column":69},"end":{"line":30,"column":89}}]},"3":{"loc":{"start":{"line":36,"column":4},"end":{"line":36,"column":54}},"type":"if","locations":[{"start":{"line":36,"column":4},"end":{"line":36,"column":54}}]},"4":{"loc":{"start":{"line":37,"column":4},"end":{"line":37,"column":50}},"type":"if","locations":[{"start":{"line":37,"column":4},"end":{"line":37,"column":50}}]},"5":{"loc":{"start":{"line":43,"column":4},"end":{"line":43,"column":96}},"type":"if","locations":[{"start":{"line":43,"column":4},"end":{"line":43,"column":96}}]},"6":{"loc":{"start":{"line":45,"column":4},"end":{"line":45,"column":69}},"type":"if","locations":[{"start":{"line":45,"column":4},"end":{"line":45,"column":69}}]},"7":{"loc":{"start":{"line":50,"column":17},"end":{"line":50,"column":114}},"type":"cond-expr","locations":[{"start":{"line":50,"column":60},"end":{"line":50,"column":101}},{"start":{"line":50,"column":104},"end":{"line":50,"column":114}}]},"8":{"loc":{"start":{"line":50,"column":18},"end":{"line":50,"column":56}},"type":"binary-expr","locations":[{"start":{"line":50,"column":18},"end":{"line":50,"column":29}},{"start":{"line":50,"column":33},"end":{"line":50,"column":56}}]},"9":{"loc":{"start":{"line":66,"column":4},"end":{"line":66,"column":66}},"type":"if","locations":[{"start":{"line":66,"column":4},"end":{"line":66,"column":66}}]},"10":{"loc":{"start":{"line":67,"column":4},"end":{"line":67,"column":86}},"type":"if","locations":[{"start":{"line":67,"column":4},"end":{"line":67,"column":86}}]},"11":{"loc":{"start":{"line":71,"column":4},"end":{"line":71,"column":32}},"type":"if","locations":[{"start":{"line":71,"column":4},"end":{"line":71,"column":32}}]}},"s":{"0":1,"1":5,"2":5,"3":5,"4":23,"5":79,"6":0,"7":23,"8":16,"9":18,"10":0,"11":16,"12":0,"13":0,"14":20,"15":64,"16":19,"17":50,"18":19,"19":91,"20":19,"21":0,"22":19,"23":0,"24":19,"25":54,"26":19,"27":19,"28":1,"29":18,"30":1,"31":17,"32":17,"33":17,"34":17,"35":17,"36":17,"37":17,"38":17,"39":17,"40":0,"41":0,"42":0,"43":0,"44":0,"45":0,"46":0,"47":0,"48":0,"49":0,"50":0,"51":0,"52":0,"53":0,"54":0,"55":0,"56":0,"57":0,"58":0,"59":0,"60":1},"f":{"0":5,"1":23,"2":79,"3":16,"4":18,"5":0,"6":0,"7":20,"8":64,"9":19,"10":50,"11":91,"12":54,"13":0,"14":0,"15":0,"16":0,"17":0,"18":0,"19":0,"20":0},"b":{"0":[0],"1":[0],"2":[64,62],"3":[0],"4":[0],"5":[1],"6":[1],"7":[2,15],"8":[17,2],"9":[0],"10":[0],"11":[0]}}
,"C:\\Users\\gusta\\OneDrive\\Área de Trabalho\\biblioteca_afya_project\\src\\models\\Bibliotecario.ts": {"path":"C:\\Users\\gusta\\OneDrive\\Área de Trabalho\\biblioteca_afya_project\\src\\models\\Bibliotecario.ts","statementMap":{"0":{"start":{"line":1,"column":0},"end":{"line":1,"column":36}},"1":{"start":{"line":5,"column":4},"end":{"line":5,"column":37}},"2":{"start":{"line":10,"column":4},"end":{"line":10,"column":36}},"3":{"start":{"line":14,"column":4},"end":{"line":14,"column":47}},"4":{"start":{"line":3,"column":0},"end":{"line":3,"column":13}}},"fnMap":{"0":{"name":"(anonymous_0)","decl":{"start":{"line":4,"column":2},"end":{"line":4,"column":14}},"loc":{"start":{"line":4,"column":38},"end":{"line":6,"column":3}}},"1":{"name":"(anonymous_1)","decl":{"start":{"line":9,"column":2},"end":{"line":9,"column":8}},"loc":{"start":{"line":9,"column":8},"end":{"line":11,"column":3}}},"2":{"name":"(anonymous_2)","decl":{"start":{"line":13,"column":2},"end":{"line":13,"column":8}},"loc":{"start":{"line":13,"column":26},"end":{"line":15,"column":3}}}},"branchMap":{},"s":{"0":1,"1":5,"2":0,"3":0,"4":1},"f":{"0":5,"1":0,"2":0},"b":{}}
,"C:\\Users\\gusta\\OneDrive\\Área de Trabalho\\biblioteca_afya_project\\src\\models\\Emprestimo.ts": {"path":"C:\\Users\\gusta\\OneDrive\\Área de Trabalho\\biblioteca_afya_project\\src\\models\\Emprestimo.ts","statementMap":{"0":{"start":{"line":9,"column":9},"end":{"line":9,"column":45}},"1":{"start":{"line":19,"column":4},"end":{"line":19,"column":17}},"2":{"start":{"line":20,"column":4},"end":{"line":20,"column":39}},"3":{"start":{"line":21,"column":4},"end":{"line":21,"column":35}},"4":{"start":{"line":22,"column":4},"end":{"line":22,"column":55}},"5":{"start":{"line":23,"column":4},"end":{"line":23,"column":61}},"6":{"start":{"line":24,"column":4},"end":{"line":24,"column":26}},"7":{"start":{"line":28,"column":4},"end":{"line":28,"column":30}},"8":{"start":{"line":29,"column":4},"end":{"line":29,"column":50}},"9":{"start":{"line":33,"column":4},"end":{"line":33,"column":40}},"10":{"start":{"line":33,"column":33},"end":{"line":33,"column":40}},"11":{"start":{"line":34,"column":21},"end":{"line":34,"column":53}},"12":{"start":{"line":35,"column":4},"end":{"line":35,"column":49}},"13":{"start":{"line":35,"column":24},"end":{"line":35,"column":49}},"14":{"start":{"line":39,"column":4},"end":{"line":47,"column":6}},"15":{"start":{"line":51,"column":14},"end":{"line":51,"column":127}},"16":{"start":{"line":52,"column":4},"end":{"line":52,"column":48}},"17":{"start":{"line":53,"column":4},"end":{"line":53,"column":37}},"18":{"start":{"line":54,"column":4},"end":{"line":54,"column":13}},"19":{"start":{"line":3,"column":0},"end":{"line":3,"column":13}}},"fnMap":{"0":{"name":"(anonymous_0)","decl":{"start":{"line":12,"column":2},"end":{"line":12,"column":null}},"loc":{"start":{"line":17,"column":27},"end":{"line":25,"column":3}}},"1":{"name":"(anonymous_1)","decl":{"start":{"line":27,"column":2},"end":{"line":27,"column":17}},"loc":{"start":{"line":27,"column":17},"end":{"line":30,"column":3}}},"2":{"name":"(anonymous_2)","decl":{"start":{"line":32,"column":2},"end":{"line":32,"column":17}},"loc":{"start":{"line":32,"column":34},"end":{"line":36,"column":3}}},"3":{"name":"(anonymous_3)","decl":{"start":{"line":38,"column":2},"end":{"line":38,"column":8}},"loc":{"start":{"line":38,"column":8},"end":{"line":48,"column":3}}},"4":{"name":"(anonymous_4)","decl":{"start":{"line":50,"column":2},"end":{"line":50,"column":8}},"loc":{"start":{"line":50,"column":26},"end":{"line":55,"column":3}}}},"branchMap":{"0":{"loc":{"start":{"line":32,"column":18},"end":{"line":32,"column":34}},"type":"default-arg","locations":[{"start":{"line":32,"column":24},"end":{"line":32,"column":34}}]},"1":{"loc":{"start":{"line":33,"column":4},"end":{"line":33,"column":40}},"type":"if","locations":[{"start":{"line":33,"column":4},"end":{"line":33,"column":40}}]},"2":{"loc":{"start":{"line":35,"column":4},"end":{"line":35,"column":49}},"type":"if","locations":[{"start":{"line":35,"column":4},"end":{"line":35,"column":49}}]},"3":{"loc":{"start":{"line":52,"column":22},"end":{"line":52,"column":47}},"type":"binary-expr","locations":[{"start":{"line":52,"column":22},"end":{"line":52,"column":39}},{"start":{"line":52,"column":43},"end":{"line":52,"column":47}}]},"4":{"loc":{"start":{"line":53,"column":15},"end":{"line":53,"column":36}},"type":"binary-expr","locations":[{"start":{"line":53,"column":15},"end":{"line":53,"column":25}},{"start":{"line":53,"column":29},"end":{"line":53,"column":36}}]}},"s":{"0":17,"1":17,"2":17,"3":17,"4":17,"5":17,"6":17,"7":0,"8":0,"9":55,"10":0,"11":55,"12":55,"13":1,"14":0,"15":0,"16":0,"17":0,"18":0,"19":1},"f":{"0":17,"1":0,"2":55,"3":0,"4":0},"b":{"0":[55],"1":[0],"2":[1],"3":[0,0],"4":[0,0]}}
,"C:\\Users\\gusta\\OneDrive\\Área de Trabalho\\biblioteca_afya_project\\src\\models\\Livro.ts": {"path":"C:\\Users\\gusta\\OneDrive\\Área de Trabalho\\biblioteca_afya_project\\src\\models\\Livro.ts","statementMap":{"0":{"start":{"line":10,"column":4},"end":{"line":10,"column":25}},"1":{"start":{"line":11,"column":4},"end":{"line":11,"column":25}},"2":{"start":{"line":12,"column":4},"end":{"line":12,"column":23}},"3":{"start":{"line":13,"column":4},"end":{"line":13,"column":21}},"4":{"start":{"line":14,"column":4},"end":{"line":14,"column":41}},"5":{"start":{"line":15,"column":4},"end":{"line":15,"column":81}},"6":{"start":{"line":19,"column":4},"end":{"line":19,"column":28}},"7":{"start":{"line":23,"column":4},"end":{"line":23,"column":69}},"8":{"start":{"line":23,"column":31},"end":{"line":23,"column":69}},"9":{"start":{"line":24,"column":4},"end":{"line":24,"column":26}},"10":{"start":{"line":28,"column":4},"end":{"line":28,"column":71}},"11":{"start":{"line":32,"column":4},"end":{"line":39,"column":6}},"12":{"start":{"line":43,"column":4},"end":{"line":43,"column":113}},"13":{"start":{"line":1,"column":0},"end":{"line":1,"column":13}}},"fnMap":{"0":{"name":"(anonymous_0)","decl":{"start":{"line":9,"column":2},"end":{"line":9,"column":14}},"loc":{"start":{"line":9,"column":110},"end":{"line":16,"column":3}}},"1":{"name":"(anonymous_1)","decl":{"start":{"line":18,"column":2},"end":{"line":18,"column":6}},"loc":{"start":{"line":18,"column":16},"end":{"line":20,"column":3}}},"2":{"name":"(anonymous_2)","decl":{"start":{"line":22,"column":2},"end":{"line":22,"column":11}},"loc":{"start":{"line":22,"column":11},"end":{"line":25,"column":3}}},"3":{"name":"(anonymous_3)","decl":{"start":{"line":27,"column":2},"end":{"line":27,"column":10}},"loc":{"start":{"line":27,"column":10},"end":{"line":29,"column":3}}},"4":{"name":"(anonymous_4)","decl":{"start":{"line":31,"column":2},"end":{"line":31,"column":8}},"loc":{"start":{"line":31,"column":8},"end":{"line":40,"column":3}}},"5":{"name":"(anonymous_5)","decl":{"start":{"line":42,"column":2},"end":{"line":42,"column":8}},"loc":{"start":{"line":42,"column":26},"end":{"line":44,"column":3}}}},"branchMap":{"0":{"loc":{"start":{"line":15,"column":23},"end":{"line":15,"column":80}},"type":"cond-expr","locations":[{"start":{"line":15,"column":44},"end":{"line":15,"column":59}},{"start":{"line":15,"column":62},"end":{"line":15,"column":80}}]},"1":{"loc":{"start":{"line":23,"column":4},"end":{"line":23,"column":69}},"type":"if","locations":[{"start":{"line":23,"column":4},"end":{"line":23,"column":69}}]},"2":{"loc":{"start":{"line":43,"column":78},"end":{"line":43,"column":111}},"type":"binary-expr","locations":[{"start":{"line":43,"column":78},"end":{"line":43,"column":92}},{"start":{"line":43,"column":96},"end":{"line":43,"column":111}}]}},"s":{"0":23,"1":23,"2":23,"3":23,"4":23,"5":23,"6":18,"7":17,"8":0,"9":17,"10":0,"11":0,"12":0,"13":1},"f":{"0":23,"1":18,"2":17,"3":0,"4":0,"5":0},"b":{"0":[23,0],"1":[0],"2":[0,0]}}
,"C:\\Users\\gusta\\OneDrive\\Área de Trabalho\\biblioteca_afya_project\\src\\models\\Professor.ts": {"path":"C:\\Users\\gusta\\OneDrive\\Área de Trabalho\\biblioteca_afya_project\\src\\models\\Professor.ts","statementMap":{"0":{"start":{"line":1,"column":0},"end":{"line":1,"column":36}},"1":{"start":{"line":5,"column":4},"end":{"line":5,"column":33}},"2":{"start":{"line":9,"column":4},"end":{"line":9,"column":36}},"3":{"start":{"line":13,"column":4},"end":{"line":13,"column":43}},"4":{"start":{"line":3,"column":0},"end":{"line":3,"column":13}}},"fnMap":{"0":{"name":"(anonymous_0)","decl":{"start":{"line":4,"column":2},"end":{"line":4,"column":14}},"loc":{"start":{"line":4,"column":38},"end":{"line":6,"column":3}}},"1":{"name":"(anonymous_1)","decl":{"start":{"line":8,"column":2},"end":{"line":8,"column":8}},"loc":{"start":{"line":8,"column":8},"end":{"line":10,"column":3}}},"2":{"name":"(anonymous_2)","decl":{"start":{"line":12,"column":2},"end":{"line":12,"column":8}},"loc":{"start":{"line":12,"column":26},"end":{"line":14,"column":3}}}},"branchMap":{},"s":{"0":1,"1":6,"2":22,"3":0,"4":1},"f":{"0":6,"1":22,"2":0},"b":{}}
,"C:\\Users\\gusta\\OneDrive\\Área de Trabalho\\biblioteca_afya_project\\src\\models\\Usuario.ts": {"path":"C:\\Users\\gusta\\OneDrive\\Área de Trabalho\\biblioteca_afya_project\\src\\models\\Usuario.ts","statementMap":{"0":{"start":{"line":7,"column":4},"end":{"line":7,"column":25}},"1":{"start":{"line":8,"column":4},"end":{"line":8,"column":21}},"2":{"start":{"line":9,"column":4},"end":{"line":9,"column":21}},"3":{"start":{"line":17,"column":23},"end":{"line":17,"column":36}},"4":{"start":{"line":18,"column":4},"end":{"line":18,"column":67}},"5":{"start":{"line":22,"column":4},"end":{"line":22,"column":61}},"6":{"start":{"line":1,"column":0},"end":{"line":1,"column":22}}},"fnMap":{"0":{"name":"(anonymous_0)","decl":{"start":{"line":6,"column":2},"end":{"line":6,"column":14}},"loc":{"start":{"line":6,"column":52},"end":{"line":10,"column":3}}},"1":{"name":"(anonymous_1)","decl":{"start":{"line":16,"column":2},"end":{"line":16,"column":15}},"loc":{"start":{"line":16,"column":41},"end":{"line":19,"column":3}}},"2":{"name":"(anonymous_2)","decl":{"start":{"line":21,"column":2},"end":{"line":21,"column":8}},"loc":{"start":{"line":21,"column":8},"end":{"line":23,"column":3}}}},"branchMap":{"0":{"loc":{"start":{"line":18,"column":11},"end":{"line":18,"column":66}},"type":"cond-expr","locations":[{"start":{"line":18,"column":33},"end":{"line":18,"column":37}},{"start":{"line":18,"column":40},"end":{"line":18,"column":66}}]}},"s":{"0":16,"1":16,"2":16,"3":19,"4":19,"5":0,"6":1},"f":{"0":16,"1":19,"2":0},"b":{"0":[0,19]}}
}
