TN:
SF:src\models\AlunoGraduacao.ts
FN:4,(anonymous_0)
FN:8,(anonymous_1)
FN:12,(anonymous_2)
FNF:3
FNH:2
FNDA:5,(anonymous_0)
FNDA:14,(anonymous_1)
FNDA:0,(anonymous_2)
DA:1,1
DA:3,1
DA:5,5
DA:9,14
DA:13,0
LF:5
LH:4
BRF:0
BRH:0
end_of_record
TN:
SF:src\models\Biblioteca.ts
FN:13,(anonymous_0)
FN:15,(anonymous_1)
FN:16,(anonymous_2)
FN:20,(anonymous_3)
FN:21,(anonymous_4)
FN:25,(anonymous_5)
FN:26,(anonymous_6)
FN:29,(anonymous_7)
FN:30,(anonymous_8)
FN:33,(anonymous_9)
FN:34,(anonymous_10)
FN:35,(anonymous_11)
FN:40,(anonymous_12)
FN:64,(anonymous_13)
FN:65,(anonymous_14)
FN:70,(anonymous_15)
FN:74,(anonymous_16)
FN:76,(anonymous_17)
FN:77,(anonymous_18)
FN:78,(anonymous_19)
FN:79,(anonymous_20)
FNF:21
FNH:11
FNDA:5,(anonymous_0)
FNDA:23,(anonymous_1)
FNDA:79,(anonymous_2)
FNDA:16,(anonymous_3)
FNDA:18,(anonymous_4)
FNDA:0,(anonymous_5)
FNDA:0,(anonymous_6)
FNDA:20,(anonymous_7)
FNDA:64,(anonymous_8)
FNDA:19,(anonymous_9)
FNDA:50,(anonymous_10)
FNDA:91,(anonymous_11)
FNDA:54,(anonymous_12)
FNDA:0,(anonymous_13)
FNDA:0,(anonymous_14)
FNDA:0,(anonymous_15)
FNDA:0,(anonymous_16)
FNDA:0,(anonymous_17)
FNDA:0,(anonymous_18)
FNDA:0,(anonymous_19)
FNDA:0,(anonymous_20)
DA:6,1
DA:8,1
DA:9,5
DA:10,5
DA:11,5
DA:16,79
DA:17,23
DA:21,18
DA:22,16
DA:26,0
DA:30,64
DA:34,50
DA:35,91
DA:36,19
DA:37,19
DA:40,54
DA:42,19
DA:43,19
DA:45,18
DA:48,17
DA:50,17
DA:52,17
DA:53,17
DA:54,17
DA:57,17
DA:59,17
DA:60,17
DA:61,17
DA:65,0
DA:66,0
DA:67,0
DA:69,0
DA:70,0
DA:71,0
DA:76,0
DA:77,0
DA:78,0
DA:79,0
DA:80,0
LF:39
LH:27
BRDA:16,0,0,0
BRDA:21,1,0,0
BRDA:30,2,0,64
BRDA:30,2,1,62
BRDA:36,3,0,0
BRDA:37,4,0,0
BRDA:43,5,0,1
BRDA:45,6,0,1
BRDA:50,7,0,2
BRDA:50,7,1,15
BRDA:50,8,0,17
BRDA:50,8,1,2
BRDA:66,9,0,0
BRDA:67,10,0,0
BRDA:71,11,0,0
BRF:15
BRH:8
end_of_record
TN:
SF:src\models\Bibliotecario.ts
FN:4,(anonymous_0)
FN:9,(anonymous_1)
FN:13,(anonymous_2)
FNF:3
FNH:1
FNDA:5,(anonymous_0)
FNDA:0,(anonymous_1)
FNDA:0,(anonymous_2)
DA:1,1
DA:3,1
DA:5,5
DA:10,0
DA:14,0
LF:5
LH:3
BRF:0
BRH:0
end_of_record
TN:
SF:src\models\Emprestimo.ts
FN:12,(anonymous_0)
FN:27,(anonymous_1)
FN:32,(anonymous_2)
FN:38,(anonymous_3)
FN:50,(anonymous_4)
FNF:5
FNH:2
FNDA:17,(anonymous_0)
FNDA:0,(anonymous_1)
FNDA:55,(anonymous_2)
FNDA:0,(anonymous_3)
FNDA:0,(anonymous_4)
DA:3,1
DA:9,17
DA:19,17
DA:20,17
DA:21,17
DA:22,17
DA:23,17
DA:24,17
DA:28,0
DA:29,0
DA:33,55
DA:34,55
DA:35,55
DA:39,0
DA:51,0
DA:52,0
DA:53,0
DA:54,0
LF:18
LH:11
BRDA:32,0,0,55
BRDA:33,1,0,0
BRDA:35,2,0,1
BRDA:52,3,0,0
BRDA:52,3,1,0
BRDA:53,4,0,0
BRDA:53,4,1,0
BRF:7
BRH:2
end_of_record
TN:
SF:src\models\Livro.ts
FN:9,(anonymous_0)
FN:18,(anonymous_1)
FN:22,(anonymous_2)
FN:27,(anonymous_3)
FN:31,(anonymous_4)
FN:42,(anonymous_5)
FNF:6
FNH:3
FNDA:23,(anonymous_0)
FNDA:18,(anonymous_1)
FNDA:17,(anonymous_2)
FNDA:0,(anonymous_3)
FNDA:0,(anonymous_4)
FNDA:0,(anonymous_5)
DA:1,1
DA:10,23
DA:11,23
DA:12,23
DA:13,23
DA:14,23
DA:15,23
DA:19,18
DA:23,17
DA:24,17
DA:28,0
DA:32,0
DA:43,0
LF:13
LH:10
BRDA:15,0,0,23
BRDA:15,0,1,0
BRDA:23,1,0,0
BRDA:43,2,0,0
BRDA:43,2,1,0
BRF:5
BRH:1
end_of_record
TN:
SF:src\models\Professor.ts
FN:4,(anonymous_0)
FN:8,(anonymous_1)
FN:12,(anonymous_2)
FNF:3
FNH:2
FNDA:6,(anonymous_0)
FNDA:22,(anonymous_1)
FNDA:0,(anonymous_2)
DA:1,1
DA:3,1
DA:5,6
DA:9,22
DA:13,0
LF:5
LH:4
BRF:0
BRH:0
end_of_record
TN:
SF:src\models\Usuario.ts
FN:6,(anonymous_0)
FN:16,(anonymous_1)
FN:21,(anonymous_2)
FNF:3
FNH:2
FNDA:16,(anonymous_0)
FNDA:19,(anonymous_1)
FNDA:0,(anonymous_2)
DA:1,1
DA:7,16
DA:8,16
DA:9,16
DA:17,19
DA:18,19
DA:22,0
LF:7
LH:6
BRDA:18,0,0,0
BRDA:18,0,1,19
BRF:2
BRH:1
end_of_record
